C:\Users\Enzo\Documents\PUCPR\PG34764 - Programação de Jogos 3D II\TRABALHO FINAL DIRECTX\DX3D2\DX3D2\Debug\cl.command.1.tlog
C:\Users\Enzo\Documents\PUCPR\PG34764 - Programação de Jogos 3D II\TRABALHO FINAL DIRECTX\DX3D2\DX3D2\Debug\CL.read.1.tlog
C:\Users\Enzo\Documents\PUCPR\PG34764 - Programação de Jogos 3D II\TRABALHO FINAL DIRECTX\DX3D2\DX3D2\Debug\CL.write.1.tlog
C:\USERS\ENZO\DOCUMENTS\PUCPR\PG34764 - PROGRAMAçãO DE JOGOS 3D II\TRABALHO FINAL DIRECTX\DX3D2\DX3D2\DEBUG\DX3D2.EXE
C:\USERS\ENZO\DOCUMENTS\PUCPR\PG34764 - PROGRAMAçãO DE JOGOS 3D II\TRABALHO FINAL DIRECTX\DX3D2\DX3D2\DEBUG\DX3D2.EXE.EMBED.MANIFEST
C:\USERS\ENZO\DOCUMENTS\PUCPR\PG34764 - PROGRAMAçãO DE JOGOS 3D II\TRABALHO FINAL DIRECTX\DX3D2\DX3D2\DEBUG\DX3D2.EXE.EMBED.MANIFEST.RES
C:\USERS\ENZO\DOCUMENTS\PUCPR\PG34764 - PROGRAMAçãO DE JOGOS 3D II\TRABALHO FINAL DIRECTX\DX3D2\DX3D2\DEBUG\DX3D2.EXE.INTERMEDIATE.MANIFEST
C:\USERS\ENZO\DOCUMENTS\PUCPR\PG34764 - PROGRAMAçãO DE JOGOS 3D II\TRABALHO FINAL DIRECTX\DX3D2\DX3D2\DEBUG\DX3D2.ILK
C:\USERS\ENZO\DOCUMENTS\PUCPR\PG34764 - PROGRAMAÇÃO DE JOGOS 3D II\TRABALHO FINAL DIRECTX\DX3D2\DX3D2\DEBUG\DX3D2.PDB
C:\Users\Enzo\Documents\PUCPR\PG34764 - Programação de Jogos 3D II\TRABALHO FINAL DIRECTX\DX3D2\DX3D2\Debug\DX3D2.write.1.tlog
C:\Users\Enzo\Documents\PUCPR\PG34764 - Programação de Jogos 3D II\TRABALHO FINAL DIRECTX\DX3D2\DX3D2\Debug\DX3D2_manifest.rc
C:\Users\Enzo\Documents\PUCPR\PG34764 - Programação de Jogos 3D II\TRABALHO FINAL DIRECTX\DX3D2\DX3D2\Debug\link.2448.read.1.tlog
C:\Users\Enzo\Documents\PUCPR\PG34764 - Programação de Jogos 3D II\TRABALHO FINAL DIRECTX\DX3D2\DX3D2\Debug\link.2448.write.1.tlog
C:\Users\Enzo\Documents\PUCPR\PG34764 - Programação de Jogos 3D II\TRABALHO FINAL DIRECTX\DX3D2\DX3D2\Debug\link.2448-cvtres.read.1.tlog
C:\Users\Enzo\Documents\PUCPR\PG34764 - Programação de Jogos 3D II\TRABALHO FINAL DIRECTX\DX3D2\DX3D2\Debug\link.2448-cvtres.write.1.tlog
C:\Users\Enzo\Documents\PUCPR\PG34764 - Programação de Jogos 3D II\TRABALHO FINAL DIRECTX\DX3D2\DX3D2\Debug\link.command.1.tlog
C:\Users\Enzo\Documents\PUCPR\PG34764 - Programação de Jogos 3D II\TRABALHO FINAL DIRECTX\DX3D2\DX3D2\Debug\link.read.1.tlog
C:\Users\Enzo\Documents\PUCPR\PG34764 - Programação de Jogos 3D II\TRABALHO FINAL DIRECTX\DX3D2\DX3D2\Debug\link.write.1.tlog
C:\Users\Enzo\Documents\PUCPR\PG34764 - Programação de Jogos 3D II\TRABALHO FINAL DIRECTX\DX3D2\DX3D2\Debug\link-cvtres.read.1.tlog
C:\Users\Enzo\Documents\PUCPR\PG34764 - Programação de Jogos 3D II\TRABALHO FINAL DIRECTX\DX3D2\DX3D2\Debug\link-cvtres.write.1.tlog
C:\USERS\ENZO\DOCUMENTS\PUCPR\PG34764 - PROGRAMAçãO DE JOGOS 3D II\TRABALHO FINAL DIRECTX\DX3D2\DX3D2\DEBUG\MAIN.OBJ
C:\Users\Enzo\Documents\PUCPR\PG34764 - Programação de Jogos 3D II\TRABALHO FINAL DIRECTX\DX3D2\DX3D2\Debug\mt.command.1.tlog
C:\Users\Enzo\Documents\PUCPR\PG34764 - Programação de Jogos 3D II\TRABALHO FINAL DIRECTX\DX3D2\DX3D2\Debug\mt.read.1.tlog
C:\Users\Enzo\Documents\PUCPR\PG34764 - Programação de Jogos 3D II\TRABALHO FINAL DIRECTX\DX3D2\DX3D2\Debug\mt.write.1.tlog
C:\Users\Enzo\Documents\PUCPR\PG34764 - Programação de Jogos 3D II\TRABALHO FINAL DIRECTX\DX3D2\DX3D2\Debug\rc.command.1.tlog
C:\Users\Enzo\Documents\PUCPR\PG34764 - Programação de Jogos 3D II\TRABALHO FINAL DIRECTX\DX3D2\DX3D2\Debug\rc.read.1.tlog
C:\Users\Enzo\Documents\PUCPR\PG34764 - Programação de Jogos 3D II\TRABALHO FINAL DIRECTX\DX3D2\DX3D2\Debug\rc.write.1.tlog
C:\Users\Enzo\Documents\PUCPR\PG34764 - Programação de Jogos 3D II\TRABALHO FINAL DIRECTX\DX3D2\DX3D2\Debug\vc100.idb
C:\USERS\ENZO\DOCUMENTS\PUCPR\PG34764 - PROGRAMAÇÃO DE JOGOS 3D II\TRABALHO FINAL DIRECTX\DX3D2\DX3D2\DEBUG\VC100.PDB
