Build started 20/12/2014 07:38:07.
     1>Project "C:\Users\Enzo\Documents\PUCPR\PG34764 - Programação de Jogos 3D II\TRABALHO FINAL DIRECTX\DX3D2\DX3D2\DX3D2.vcxproj" on node 2 (build target(s)).
     1>InitializeBuildStatus:
         Creating "Debug\DX3D2.unsuccessfulbuild" because "AlwaysCreate" was specified.
       ClCompile:
         c:\Program Files (x86)\Microsoft Visual Studio 10.0\VC\bin\CL.exe /c /ZI /nologo /W3 /WX- /Od /Oy- /D _MBCS /Gm /EHsc /RTC1 /MDd /GS /fp:precise /Zc:wchar_t /Zc:forScope /Fo"Debug\\" /Fd"Debug\vc100.pdb" /Gd /TP /analyze- /errorReport:prompt main.cpp
         main.cpp
     1>c:\users\enzo\documents\pucpr\pg34764 - programação de jogos 3d ii\trabalho final directx\dx3d2\dx3d2\main.cpp(662): warning C4244: 'argument' : conversion from 'float' to 'UINT', possible loss of data
     1>c:\users\enzo\documents\pucpr\pg34764 - programação de jogos 3d ii\trabalho final directx\dx3d2\dx3d2\main.cpp(662): warning C4244: 'argument' : conversion from 'float' to 'UINT', possible loss of data
     1>c:\users\enzo\documents\pucpr\pg34764 - programação de jogos 3d ii\trabalho final directx\dx3d2\dx3d2\main.cpp(1091): warning C4244: '=' : conversion from 'double' to 'float', possible loss of data
     1>c:\users\enzo\documents\pucpr\pg34764 - programação de jogos 3d ii\trabalho final directx\dx3d2\dx3d2\main.cpp(1093): warning C4244: '=' : conversion from 'double' to 'float', possible loss of data
       ManifestResourceCompile:
         All outputs are up-to-date.
       Link:
         c:\Program Files (x86)\Microsoft Visual Studio 10.0\VC\bin\link.exe /ERRORREPORT:PROMPT /OUT:"C:\Users\Enzo\Documents\PUCPR\PG34764 - Programação de Jogos 3D II\TRABALHO FINAL DIRECTX\DX3D2\DX3D2\Debug\DX3D2.exe" /INCREMENTAL /NOLOGO dxguid.lib d3d9.lib d3dx9.lib kernel32.lib user32.lib gdi32.lib winspool.lib comdlg32.lib advapi32.lib shell32.lib ole32.lib oleaut32.lib uuid.lib odbc32.lib odbccp32.lib /MANIFEST /ManifestFile:"Debug\DX3D2.exe.intermediate.manifest" /MANIFESTUAC:"level='asInvoker' uiAccess='false'" /DEBUG /PDB:"C:\Users\Enzo\Documents\PUCPR\PG34764 - Programação de Jogos 3D II\TRABALHO FINAL DIRECTX\DX3D2\DX3D2\Debug\DX3D2.pdb" /TLBID:1 /DYNAMICBASE /NXCOMPAT /IMPLIB:"C:\Users\Enzo\Documents\PUCPR\PG34764 - Programação de Jogos 3D II\TRABALHO FINAL DIRECTX\DX3D2\DX3D2\Debug\DX3D2.lib" /MACHINE:X86 Debug\DX3D2.exe.embed.manifest.res
         Debug\main.obj
       Manifest:
         C:\Program Files (x86)\Microsoft SDKs\Windows\v7.0A\bin\mt.exe /nologo /verbose /out:"Debug\DX3D2.exe.embed.manifest" /manifest Debug\DX3D2.exe.intermediate.manifest
         All outputs are up-to-date.
       LinkEmbedManifest:
         All outputs are up-to-date.
         DX3D2.vcxproj -> C:\Users\Enzo\Documents\PUCPR\PG34764 - Programação de Jogos 3D II\TRABALHO FINAL DIRECTX\DX3D2\DX3D2\Debug\DX3D2.exe
       FinalizeBuildStatus:
         Deleting file "Debug\DX3D2.unsuccessfulbuild".
         Touching "Debug\DX3D2.lastbuildstate".
     1>Done Building Project "C:\Users\Enzo\Documents\PUCPR\PG34764 - Programação de Jogos 3D II\TRABALHO FINAL DIRECTX\DX3D2\DX3D2\DX3D2.vcxproj" (build target(s)).

Build succeeded.

Time Elapsed 00:00:02.35
